<?xml version="1.0" encoding="UTF-8"?>
<testsuite name="MainTest" tests="1" skipped="0" failures="0" errors="0" timestamp="2025-03-28T03:10:59" hostname="DESKTOP-4UEIC10" time="0.01">
  <properties/>
  <testcase name="testMain()" classname="MainTest" time="0.01"/>
  <system-out><![CDATA[2025-03-28 10:10:59 ERROR: error while reading the file: Stream closed
2025-03-28 10:10:59 ERROR: error while reading the file: Stream closed
]]></system-out>
  <system-err><![CDATA[]]></system-err>
</testsuite>
